
C:\justineganteng\pemograman_new\projek\nextjs\client next\grocery\Finpro_Online-Grocery-Web-App_Frontend\src\app\(auth)\login-user-customer\page.tsx
  79:5  error  'React' must be in scope when using JSX  react/react-in-jsx-scope
  80:7  error  'React' must be in scope when using JSX  react/react-in-jsx-scope
  92:7  error  'React' must be in scope when using JSX  react/react-in-jsx-scope

C:\justineganteng\pemograman_new\projek\nextjs\client next\grocery\Finpro_Online-Grocery-Web-App_Frontend\src\app\(auth)\register-store-admin\page.tsx
   3:8  error  'LoginFormStore' is defined but never used    @typescript-eslint/no-unused-vars
   9:8  error  'LoginUser' is defined but never used         @typescript-eslint/no-unused-vars
  10:8  error  'RegisterCustomer' is defined but never used  @typescript-eslint/no-unused-vars

C:\justineganteng\pemograman_new\projek\nextjs\client next\grocery\Finpro_Online-Grocery-Web-App_Frontend\src\app\(auth)\register-user-customer\page.tsx
  3:8  error  'LoginFormStore' is defined but never used  @typescript-eslint/no-unused-vars
  9:8  error  'LoginUser' is defined but never used       @typescript-eslint/no-unused-vars

C:\justineganteng\pemograman_new\projek\nextjs\client next\grocery\Finpro_Online-Grocery-Web-App_Frontend\src\app\(auth)\verify-register\page.tsx
   4:10  error  'toast' is defined but never used        @typescript-eslint/no-unused-vars
  17:5   error  'React' must be in scope when using JSX  react/react-in-jsx-scope
  18:7   error  'React' must be in scope when using JSX  react/react-in-jsx-scope
  30:7   error  'React' must be in scope when using JSX  react/react-in-jsx-scope
  31:9   error  'React' must be in scope when using JSX  react/react-in-jsx-scope
  32:13  error  'React' must be in scope when using JSX  react/react-in-jsx-scope
  33:13  error  'React' must be in scope when using JSX  react/react-in-jsx-scope
  34:13  error  'React' must be in scope when using JSX  react/react-in-jsx-scope
  35:15  error  'React' must be in scope when using JSX  react/react-in-jsx-scope

C:\justineganteng\pemograman_new\projek\nextjs\client next\grocery\Finpro_Online-Grocery-Web-App_Frontend\src\app\(auth)\verify-reset-password\page.tsx
   4:10  error  'toast' is defined but never used        @typescript-eslint/no-unused-vars
  17:5   error  'React' must be in scope when using JSX  react/react-in-jsx-scope
  18:7   error  'React' must be in scope when using JSX  react/react-in-jsx-scope
  30:7   error  'React' must be in scope when using JSX  react/react-in-jsx-scope
  31:9   error  'React' must be in scope when using JSX  react/react-in-jsx-scope
  32:13  error  'React' must be in scope when using JSX  react/react-in-jsx-scope
  33:13  error  'React' must be in scope when using JSX  react/react-in-jsx-scope
  34:13  error  'React' must be in scope when using JSX  react/react-in-jsx-scope

C:\justineganteng\pemograman_new\projek\nextjs\client next\grocery\Finpro_Online-Grocery-Web-App_Frontend\src\app\cek-ongkir\page.tsx
    5:35  error  'ValueResponse' is defined but never used  @typescript-eslint/no-unused-vars
   54:9   error  'React' must be in scope when using JSX    react/react-in-jsx-scope
   55:13  error  'React' must be in scope when using JSX    react/react-in-jsx-scope
   56:17  error  'React' must be in scope when using JSX    react/react-in-jsx-scope
   57:21  error  'React' must be in scope when using JSX    react/react-in-jsx-scope
   58:21  error  'React' must be in scope when using JSX    react/react-in-jsx-scope
   59:25  error  'React' must be in scope when using JSX    react/react-in-jsx-scope
   60:25  error  'React' must be in scope when using JSX    react/react-in-jsx-scope
   62:25  error  'React' must be in scope when using JSX    react/react-in-jsx-scope
   63:25  error  'React' must be in scope when using JSX    react/react-in-jsx-scope
   65:25  error  'React' must be in scope when using JSX    react/react-in-jsx-scope
   66:25  error  'React' must be in scope when using JSX    react/react-in-jsx-scope
   74:25  error  'React' must be in scope when using JSX    react/react-in-jsx-scope
   75:25  error  'React' must be in scope when using JSX    react/react-in-jsx-scope
   81:33  error  'React' must be in scope when using JSX    react/react-in-jsx-scope
   87:25  error  'React' must be in scope when using JSX    react/react-in-jsx-scope
   93:17  error  'React' must be in scope when using JSX    react/react-in-jsx-scope
   94:21  error  'React' must be in scope when using JSX    react/react-in-jsx-scope
   95:21  error  'React' must be in scope when using JSX    react/react-in-jsx-scope
   96:21  error  'React' must be in scope when using JSX    react/react-in-jsx-scope
   97:25  error  'React' must be in scope when using JSX    react/react-in-jsx-scope
   98:35  error  'React' must be in scope when using JSX    react/react-in-jsx-scope
   99:25  error  'React' must be in scope when using JSX    react/react-in-jsx-scope
  102:37  error  'React' must be in scope when using JSX    react/react-in-jsx-scope
  103:41  error  'React' must be in scope when using JSX    react/react-in-jsx-scope
  104:41  error  'React' must be in scope when using JSX    react/react-in-jsx-scope
  105:41  error  'React' must be in scope when using JSX    react/react-in-jsx-scope
  109:33  error  'React' must be in scope when using JSX    react/react-in-jsx-scope

C:\justineganteng\pemograman_new\projek\nextjs\client next\grocery\Finpro_Online-Grocery-Web-App_Frontend\src\app\dashboard-storeAdmin\page.tsx
   27:5   error  'React' must be in scope when using JSX  react/react-in-jsx-scope
   28:7   error  'React' must be in scope when using JSX  react/react-in-jsx-scope
   31:7   error  'React' must be in scope when using JSX  react/react-in-jsx-scope
   34:9   error  'React' must be in scope when using JSX  react/react-in-jsx-scope
   35:11  error  'React' must be in scope when using JSX  react/react-in-jsx-scope
   36:11  error  'React' must be in scope when using JSX  react/react-in-jsx-scope
   41:13  error  'React' must be in scope when using JSX  react/react-in-jsx-scope
   42:13  error  'React' must be in scope when using JSX  react/react-in-jsx-scope
   43:13  error  'React' must be in scope when using JSX  react/react-in-jsx-scope
   47:9   error  'React' must be in scope when using JSX  react/react-in-jsx-scope
   48:11  error  'React' must be in scope when using JSX  react/react-in-jsx-scope
   49:13  error  'React' must be in scope when using JSX  react/react-in-jsx-scope
   59:13  error  'React' must be in scope when using JSX  react/react-in-jsx-scope
   73:11  error  'React' must be in scope when using JSX  react/react-in-jsx-scope
   75:13  error  'React' must be in scope when using JSX  react/react-in-jsx-scope
   76:15  error  'React' must be in scope when using JSX  react/react-in-jsx-scope
   79:15  error  'React' must be in scope when using JSX  react/react-in-jsx-scope
   83:13  error  'React' must be in scope when using JSX  react/react-in-jsx-scope
   84:15  error  'React' must be in scope when using JSX  react/react-in-jsx-scope
   85:15  error  'React' must be in scope when using JSX  react/react-in-jsx-scope
   86:17  error  'React' must be in scope when using JSX  react/react-in-jsx-scope
   87:19  error  'React' must be in scope when using JSX  react/react-in-jsx-scope
   88:21  error  'React' must be in scope when using JSX  react/react-in-jsx-scope
   89:23  error  'React' must be in scope when using JSX  react/react-in-jsx-scope
   92:23  error  'React' must be in scope when using JSX  react/react-in-jsx-scope
   95:23  error  'React' must be in scope when using JSX  react/react-in-jsx-scope
  100:19  error  'React' must be in scope when using JSX  react/react-in-jsx-scope
  101:21  error  'React' must be in scope when using JSX  react/react-in-jsx-scope
  102:23  error  'React' must be in scope when using JSX  react/react-in-jsx-scope
  105:23  error  'React' must be in scope when using JSX  react/react-in-jsx-scope
  108:23  error  'React' must be in scope when using JSX  react/react-in-jsx-scope
  112:21  error  'React' must be in scope when using JSX  react/react-in-jsx-scope
  113:23  error  'React' must be in scope when using JSX  react/react-in-jsx-scope
  116:23  error  'React' must be in scope when using JSX  react/react-in-jsx-scope
  119:23  error  'React' must be in scope when using JSX  react/react-in-jsx-scope
  131:11  error  'React' must be in scope when using JSX  react/react-in-jsx-scope
  133:13  error  'React' must be in scope when using JSX  react/react-in-jsx-scope
  134:15  error  'React' must be in scope when using JSX  react/react-in-jsx-scope
  135:15  error  'React' must be in scope when using JSX  react/react-in-jsx-scope
  136:17  error  'React' must be in scope when using JSX  react/react-in-jsx-scope
  137:19  error  'React' must be in scope when using JSX  react/react-in-jsx-scope
  138:21  error  'React' must be in scope when using JSX  react/react-in-jsx-scope
  139:23  error  'React' must be in scope when using JSX  react/react-in-jsx-scope
  142:23  error  'React' must be in scope when using JSX  react/react-in-jsx-scope
  145:23  error  'React' must be in scope when using JSX  react/react-in-jsx-scope
  148:23  error  'React' must be in scope when using JSX  react/react-in-jsx-scope
  151:23  error  'React' must be in scope when using JSX  react/react-in-jsx-scope
  156:19  error  'React' must be in scope when using JSX  react/react-in-jsx-scope
  158:23  error  'React' must be in scope when using JSX  react/react-in-jsx-scope
  159:25  error  'React' must be in scope when using JSX  react/react-in-jsx-scope
  162:25  error  'React' must be in scope when using JSX  react/react-in-jsx-scope
  165:25  error  'React' must be in scope when using JSX  react/react-in-jsx-scope
  168:25  error  'React' must be in scope when using JSX  react/react-in-jsx-scope
  171:25  error  'React' must be in scope when using JSX  react/react-in-jsx-scope
  182:13  error  'React' must be in scope when using JSX  react/react-in-jsx-scope
  183:15  error  'React' must be in scope when using JSX  react/react-in-jsx-scope
  186:15  error  'React' must be in scope when using JSX  react/react-in-jsx-scope

C:\justineganteng\pemograman_new\projek\nextjs\client next\grocery\Finpro_Online-Grocery-Web-App_Frontend\src\app\dashboard-storeAdmin\products\page.tsx
  120:5   error  'React' must be in scope when using JSX  react/react-in-jsx-scope
  124:7   error  'React' must be in scope when using JSX  react/react-in-jsx-scope
  126:11  error  'React' must be in scope when using JSX  react/react-in-jsx-scope
  127:13  error  'React' must be in scope when using JSX  react/react-in-jsx-scope
  135:9   error  'React' must be in scope when using JSX  react/react-in-jsx-scope
  136:9   error  'React' must be in scope when using JSX  react/react-in-jsx-scope
  137:11  error  'React' must be in scope when using JSX  react/react-in-jsx-scope
  140:9   error  'React' must be in scope when using JSX  react/react-in-jsx-scope
  141:11  error  'React' must be in scope when using JSX  react/react-in-jsx-scope
  144:9   error  'React' must be in scope when using JSX  react/react-in-jsx-scope
  145:11  error  'React' must be in scope when using JSX  react/react-in-jsx-scope
  148:9   error  'React' must be in scope when using JSX  react/react-in-jsx-scope
  149:11  error  'React' must be in scope when using JSX  react/react-in-jsx-scope
  164:13  error  'React' must be in scope when using JSX  react/react-in-jsx-scope
  166:11  error  'React' must be in scope when using JSX  react/react-in-jsx-scope
  170:13  error  'React' must be in scope when using JSX  react/react-in-jsx-scope
  178:5   error  'React' must be in scope when using JSX  react/react-in-jsx-scope
  179:7   error  'React' must be in scope when using JSX  react/react-in-jsx-scope
  180:9   error  'React' must be in scope when using JSX  react/react-in-jsx-scope
  184:9   error  'React' must be in scope when using JSX  react/react-in-jsx-scope
  185:11  error  'React' must be in scope when using JSX  react/react-in-jsx-scope
  186:13  error  'React' must be in scope when using JSX  react/react-in-jsx-scope
  187:13  error  'React' must be in scope when using JSX  react/react-in-jsx-scope
  191:15  error  'React' must be in scope when using JSX  react/react-in-jsx-scope
  196:13  error  'React' must be in scope when using JSX  react/react-in-jsx-scope
  197:15  error  'React' must be in scope when using JSX  react/react-in-jsx-scope
  200:13  error  'React' must be in scope when using JSX  react/react-in-jsx-scope
  206:11  error  'React' must be in scope when using JSX  react/react-in-jsx-scope
  214:13  error  'React' must be in scope when using JSX  react/react-in-jsx-scope
  225:11  error  'React' must be in scope when using JSX  react/react-in-jsx-scope
  233:13  error  'React' must be in scope when using JSX  react/react-in-jsx-scope
  245:11  error  'React' must be in scope when using JSX  react/react-in-jsx-scope
  254:13  error  'React' must be in scope when using JSX  react/react-in-jsx-scope

C:\justineganteng\pemograman_new\projek\nextjs\client next\grocery\Finpro_Online-Grocery-Web-App_Frontend\src\app\dashboard-superAdmin\categories\page.tsx
   82:7   error  'React' must be in scope when using JSX  react/react-in-jsx-scope
   83:9   error  'React' must be in scope when using JSX  react/react-in-jsx-scope
   84:9   error  'React' must be in scope when using JSX  react/react-in-jsx-scope
   95:5   error  'React' must be in scope when using JSX  react/react-in-jsx-scope
   96:7   error  'React' must be in scope when using JSX  react/react-in-jsx-scope
  100:7   error  'React' must be in scope when using JSX  react/react-in-jsx-scope
  101:7   error  'React' must be in scope when using JSX  react/react-in-jsx-scope
  102:9   error  'React' must be in scope when using JSX  react/react-in-jsx-scope
  103:11  error  'React' must be in scope when using JSX  react/react-in-jsx-scope
  104:11  error  'React' must be in scope when using JSX  react/react-in-jsx-scope
  108:13  error  'React' must be in scope when using JSX  react/react-in-jsx-scope
  114:11  error  'React' must be in scope when using JSX  react/react-in-jsx-scope
  115:13  error  'React' must be in scope when using JSX  react/react-in-jsx-scope
  118:11  error  'React' must be in scope when using JSX  react/react-in-jsx-scope
  120:15  error  'React' must be in scope when using JSX  react/react-in-jsx-scope
  130:9   error  'React' must be in scope when using JSX  react/react-in-jsx-scope

C:\justineganteng\pemograman_new\projek\nextjs\client next\grocery\Finpro_Online-Grocery-Web-App_Frontend\src\app\dashboard-superAdmin\inventory\page.tsx
   27:14  error  'error' is defined but never used        @typescript-eslint/no-unused-vars
   44:14  error  'error' is defined but never used        @typescript-eslint/no-unused-vars
   55:14  error  'error' is defined but never used        @typescript-eslint/no-unused-vars
   67:14  error  'error' is defined but never used        @typescript-eslint/no-unused-vars
   78:5   error  'React' must be in scope when using JSX  react/react-in-jsx-scope
   79:7   error  'React' must be in scope when using JSX  react/react-in-jsx-scope
   80:9   error  'React' must be in scope when using JSX  react/react-in-jsx-scope
   84:9   error  'React' must be in scope when using JSX  react/react-in-jsx-scope
   85:9   error  'React' must be in scope when using JSX  react/react-in-jsx-scope
   86:11  error  'React' must be in scope when using JSX  react/react-in-jsx-scope
   87:13  error  'React' must be in scope when using JSX  react/react-in-jsx-scope
   88:13  error  'React' must be in scope when using JSX  react/react-in-jsx-scope
   92:15  error  'React' must be in scope when using JSX  react/react-in-jsx-scope
   97:13  error  'React' must be in scope when using JSX  react/react-in-jsx-scope
   98:15  error  'React' must be in scope when using JSX  react/react-in-jsx-scope
  101:13  error  'React' must be in scope when using JSX  react/react-in-jsx-scope
  103:17  error  'React' must be in scope when using JSX  react/react-in-jsx-scope
  104:19  error  'React' must be in scope when using JSX  react/react-in-jsx-scope
  105:19  error  'React' must be in scope when using JSX  react/react-in-jsx-scope
  109:21  error  'React' must be in scope when using JSX  react/react-in-jsx-scope
  113:17  error  'React' must be in scope when using JSX  react/react-in-jsx-scope
  123:11  error  'React' must be in scope when using JSX  react/react-in-jsx-scope
  130:11  error  'React' must be in scope when using JSX  react/react-in-jsx-scope

C:\justineganteng\pemograman_new\projek\nextjs\client next\grocery\Finpro_Online-Grocery-Web-App_Frontend\src\app\dashboard-superAdmin\page.tsx
    7:3   error  'Menu' is defined but never used         @typescript-eslint/no-unused-vars
    8:3   error  'Bell' is defined but never used         @typescript-eslint/no-unused-vars
    9:3   error  'ChevronDown' is defined but never used  @typescript-eslint/no-unused-vars
   10:3   error  'User' is defined but never used         @typescript-eslint/no-unused-vars
  104:13  error  'React' must be in scope when using JSX  react/react-in-jsx-scope
  110:13  error  'React' must be in scope when using JSX  react/react-in-jsx-scope
  116:13  error  'React' must be in scope when using JSX  react/react-in-jsx-scope
  122:13  error  'React' must be in scope when using JSX  react/react-in-jsx-scope
  129:7   error  'React' must be in scope when using JSX  react/react-in-jsx-scope
  130:9   error  'React' must be in scope when using JSX  react/react-in-jsx-scope
  131:11  error  'React' must be in scope when using JSX  react/react-in-jsx-scope
  132:11  error  'React' must be in scope when using JSX  react/react-in-jsx-scope
  140:7   error  'React' must be in scope when using JSX  react/react-in-jsx-scope
  141:9   error  'React' must be in scope when using JSX  react/react-in-jsx-scope
  147:5   error  'React' must be in scope when using JSX  react/react-in-jsx-scope
  148:7   error  'React' must be in scope when using JSX  react/react-in-jsx-scope
  149:9   error  'React' must be in scope when using JSX  react/react-in-jsx-scope
  153:9   error  'React' must be in scope when using JSX  react/react-in-jsx-scope
  154:11  error  'React' must be in scope when using JSX  react/react-in-jsx-scope
  155:11  error  'React' must be in scope when using JSX  react/react-in-jsx-scope
  156:13  error  'React' must be in scope when using JSX  react/react-in-jsx-scope
  159:13  error  'React' must be in scope when using JSX  react/react-in-jsx-scope
  161:17  error  'React' must be in scope when using JSX  react/react-in-jsx-scope
  165:19  error  'React' must be in scope when using JSX  react/react-in-jsx-scope
  166:21  error  'React' must be in scope when using JSX  react/react-in-jsx-scope
  167:23  error  'React' must be in scope when using JSX  react/react-in-jsx-scope
  168:23  error  'React' must be in scope when using JSX  react/react-in-jsx-scope
  172:21  error  'React' must be in scope when using JSX  react/react-in-jsx-scope
  176:19  error  'React' must be in scope when using JSX  react/react-in-jsx-scope
  181:13  error  'React' must be in scope when using JSX  react/react-in-jsx-scope
  182:15  error  'React' must be in scope when using JSX  react/react-in-jsx-scope
  183:17  error  'React' must be in scope when using JSX  react/react-in-jsx-scope
  186:17  error  'React' must be in scope when using JSX  react/react-in-jsx-scope
  187:19  error  'React' must be in scope when using JSX  react/react-in-jsx-scope

C:\justineganteng\pemograman_new\projek\nextjs\client next\grocery\Finpro_Online-Grocery-Web-App_Frontend\src\app\dashboard-superAdmin\product\page.tsx
  122:5   error  'React' must be in scope when using JSX  react/react-in-jsx-scope
  126:7   error  'React' must be in scope when using JSX  react/react-in-jsx-scope
  128:11  error  'React' must be in scope when using JSX  react/react-in-jsx-scope
  129:13  error  'React' must be in scope when using JSX  react/react-in-jsx-scope
  137:9   error  'React' must be in scope when using JSX  react/react-in-jsx-scope
  138:9   error  'React' must be in scope when using JSX  react/react-in-jsx-scope
  139:11  error  'React' must be in scope when using JSX  react/react-in-jsx-scope
  142:9   error  'React' must be in scope when using JSX  react/react-in-jsx-scope
  143:11  error  'React' must be in scope when using JSX  react/react-in-jsx-scope
  146:9   error  'React' must be in scope when using JSX  react/react-in-jsx-scope
  147:11  error  'React' must be in scope when using JSX  react/react-in-jsx-scope
  150:9   error  'React' must be in scope when using JSX  react/react-in-jsx-scope
  151:11  error  'React' must be in scope when using JSX  react/react-in-jsx-scope
  166:13  error  'React' must be in scope when using JSX  react/react-in-jsx-scope
  168:11  error  'React' must be in scope when using JSX  react/react-in-jsx-scope
  172:13  error  'React' must be in scope when using JSX  react/react-in-jsx-scope
  180:5   error  'React' must be in scope when using JSX  react/react-in-jsx-scope
  181:7   error  'React' must be in scope when using JSX  react/react-in-jsx-scope
  182:9   error  'React' must be in scope when using JSX  react/react-in-jsx-scope
  186:9   error  'React' must be in scope when using JSX  react/react-in-jsx-scope
  187:9   error  'React' must be in scope when using JSX  react/react-in-jsx-scope
  188:11  error  'React' must be in scope when using JSX  react/react-in-jsx-scope
  189:13  error  'React' must be in scope when using JSX  react/react-in-jsx-scope
  190:13  error  'React' must be in scope when using JSX  react/react-in-jsx-scope
  194:15  error  'React' must be in scope when using JSX  react/react-in-jsx-scope
  199:13  error  'React' must be in scope when using JSX  react/react-in-jsx-scope
  200:15  error  'React' must be in scope when using JSX  react/react-in-jsx-scope
  203:13  error  'React' must be in scope when using JSX  react/react-in-jsx-scope
  209:11  error  'React' must be in scope when using JSX  react/react-in-jsx-scope
  217:13  error  'React' must be in scope when using JSX  react/react-in-jsx-scope
  228:11  error  'React' must be in scope when using JSX  react/react-in-jsx-scope
  236:13  error  'React' must be in scope when using JSX  react/react-in-jsx-scope
  248:11  error  'React' must be in scope when using JSX  react/react-in-jsx-scope
  257:13  error  'React' must be in scope when using JSX  react/react-in-jsx-scope

C:\justineganteng\pemograman_new\projek\nextjs\client next\grocery\Finpro_Online-Grocery-Web-App_Frontend\src\app\dashboard-superAdmin\store\page.tsx
  65:7   error  'React' must be in scope when using JSX  react/react-in-jsx-scope
  66:9   error  'React' must be in scope when using JSX  react/react-in-jsx-scope
  72:5   error  'React' must be in scope when using JSX  react/react-in-jsx-scope
  73:7   error  'React' must be in scope when using JSX  react/react-in-jsx-scope
  77:7   error  'React' must be in scope when using JSX  react/react-in-jsx-scope
  78:7   error  'React' must be in scope when using JSX  react/react-in-jsx-scope
  79:9   error  'React' must be in scope when using JSX  react/react-in-jsx-scope
  80:11  error  'React' must be in scope when using JSX  react/react-in-jsx-scope
  81:13  error  'React' must be in scope when using JSX  react/react-in-jsx-scope
  82:15  error  'React' must be in scope when using JSX  react/react-in-jsx-scope
  83:17  error  'React' must be in scope when using JSX  react/react-in-jsx-scope
  86:17  error  'React' must be in scope when using JSX  react/react-in-jsx-scope
  88:15  error  'React' must be in scope when using JSX  react/react-in-jsx-scope
  97:11  error  'React' must be in scope when using JSX  react/react-in-jsx-scope
  99:11  error  'React' must be in scope when using JSX  react/react-in-jsx-scope

C:\justineganteng\pemograman_new\projek\nextjs\client next\grocery\Finpro_Online-Grocery-Web-App_Frontend\src\app\layout.tsx
  36:5  error  'React' must be in scope when using JSX  react/react-in-jsx-scope
  37:7  error  'React' must be in scope when using JSX  react/react-in-jsx-scope
  38:7  error  'React' must be in scope when using JSX  react/react-in-jsx-scope
  42:9  error  'React' must be in scope when using JSX  react/react-in-jsx-scope
  44:9  error  'React' must be in scope when using JSX  react/react-in-jsx-scope

C:\justineganteng\pemograman_new\projek\nextjs\client next\grocery\Finpro_Online-Grocery-Web-App_Frontend\src\app\page.tsx
   7:5  error  'React' must be in scope when using JSX  react/react-in-jsx-scope
   8:7  error  'React' must be in scope when using JSX  react/react-in-jsx-scope
   9:7  error  'React' must be in scope when using JSX  react/react-in-jsx-scope
  10:7  error  'React' must be in scope when using JSX  react/react-in-jsx-scope

C:\justineganteng\pemograman_new\projek\nextjs\client next\grocery\Finpro_Online-Grocery-Web-App_Frontend\src\app\products\page.tsx
   10:11   error  'ProductPageProps' is defined but never used   @typescript-eslint/no-unused-vars
   18:9    error  'location' is assigned a value but never used  @typescript-eslint/no-unused-vars
  116:11   error  'React' must be in scope when using JSX        react/react-in-jsx-scope
  120:3    error  'React' must be in scope when using JSX        react/react-in-jsx-scope
  121:4    error  'React' must be in scope when using JSX        react/react-in-jsx-scope
  133:4    error  'React' must be in scope when using JSX        react/react-in-jsx-scope
  134:5    error  'React' must be in scope when using JSX        react/react-in-jsx-scope
  135:7    error  'React' must be in scope when using JSX        react/react-in-jsx-scope
  138:7    error  'React' must be in scope when using JSX        react/react-in-jsx-scope
  139:9    error  'React' must be in scope when using JSX        react/react-in-jsx-scope
  139:139  error  'React' must be in scope when using JSX        react/react-in-jsx-scope
  140:9    error  'React' must be in scope when using JSX        react/react-in-jsx-scope
  140:115  error  'React' must be in scope when using JSX        react/react-in-jsx-scope
  143:6    error  'React' must be in scope when using JSX        react/react-in-jsx-scope
  145:10   error  'React' must be in scope when using JSX        react/react-in-jsx-scope
  149:12   error  'React' must be in scope when using JSX        react/react-in-jsx-scope
  150:14   error  'React' must be in scope when using JSX        react/react-in-jsx-scope
  159:12   error  'React' must be in scope when using JSX        react/react-in-jsx-scope
  160:14   error  'React' must be in scope when using JSX        react/react-in-jsx-scope
  161:14   error  'React' must be in scope when using JSX        react/react-in-jsx-scope
  162:19   error  'React' must be in scope when using JSX        react/react-in-jsx-scope
  163:19   error  'React' must be in scope when using JSX        react/react-in-jsx-scope
  168:14   error  'React' must be in scope when using JSX        react/react-in-jsx-scope
  169:16   error  'React' must be in scope when using JSX        react/react-in-jsx-scope
  173:16   error  'React' must be in scope when using JSX        react/react-in-jsx-scope
  174:18   error  'React' must be in scope when using JSX        react/react-in-jsx-scope
  177:18   error  'React' must be in scope when using JSX        react/react-in-jsx-scope

C:\justineganteng\pemograman_new\projek\nextjs\client next\grocery\Finpro_Online-Grocery-Web-App_Frontend\src\app\profile\page.tsx
  2:28  error  'useState' is defined but never used  @typescript-eslint/no-unused-vars

C:\justineganteng\pemograman_new\projek\nextjs\client next\grocery\Finpro_Online-Grocery-Web-App_Frontend\src\app\test1\page.tsx
  15:5   error  'React' must be in scope when using JSX  react/react-in-jsx-scope
  16:7   error  'React' must be in scope when using JSX  react/react-in-jsx-scope
  17:9   error  'React' must be in scope when using JSX  react/react-in-jsx-scope
  18:11  error  'React' must be in scope when using JSX  react/react-in-jsx-scope
  22:9   error  'React' must be in scope when using JSX  react/react-in-jsx-scope
  23:11  error  'React' must be in scope when using JSX  react/react-in-jsx-scope
  24:13  error  'React' must be in scope when using JSX  react/react-in-jsx-scope
  25:15  error  'React' must be in scope when using JSX  react/react-in-jsx-scope
  31:15  error  'React' must be in scope when using JSX  react/react-in-jsx-scope
  42:13  error  'React' must be in scope when using JSX  react/react-in-jsx-scope
  43:15  error  'React' must be in scope when using JSX  react/react-in-jsx-scope
  49:15  error  'React' must be in scope when using JSX  react/react-in-jsx-scope
  62:11  error  'React' must be in scope when using JSX  react/react-in-jsx-scope
  63:13  error  'React' must be in scope when using JSX  react/react-in-jsx-scope
  64:15  error  'React' must be in scope when using JSX  react/react-in-jsx-scope
  70:15  error  'React' must be in scope when using JSX  react/react-in-jsx-scope
  78:13  error  'React' must be in scope when using JSX  react/react-in-jsx-scope
  79:15  error  'React' must be in scope when using JSX  react/react-in-jsx-scope
  88:11  error  'React' must be in scope when using JSX  react/react-in-jsx-scope
  89:13  error  'React' must be in scope when using JSX  react/react-in-jsx-scope

C:\justineganteng\pemograman_new\projek\nextjs\client next\grocery\Finpro_Online-Grocery-Web-App_Frontend\src\app\verification\register\[token]\page.tsx
   88:5  error  'React' must be in scope when using JSX  react/react-in-jsx-scope
   89:7  error  'React' must be in scope when using JSX  react/react-in-jsx-scope
  101:7  error  'React' must be in scope when using JSX  react/react-in-jsx-scope

C:\justineganteng\pemograman_new\projek\nextjs\client next\grocery\Finpro_Online-Grocery-Web-App_Frontend\src\app\verification\reset-password\[token]\page.tsx
   6:8  error  'Image' is defined but never used             @typescript-eslint/no-unused-vars
   8:8  error  'VerifyAndSetPass' is defined but never used  @typescript-eslint/no-unused-vars
  75:5  error  'React' must be in scope when using JSX       react/react-in-jsx-scope
  76:7  error  'React' must be in scope when using JSX       react/react-in-jsx-scope
  88:7  error  'React' must be in scope when using JSX       react/react-in-jsx-scope

C:\justineganteng\pemograman_new\projek\nextjs\client next\grocery\Finpro_Online-Grocery-Web-App_Frontend\src\components\FeaturedProduct.tsx
  11:10  error  'loading' is assigned a value but never used   @typescript-eslint/no-unused-vars
  13:10  error  'location' is assigned a value but never used  @typescript-eslint/no-unused-vars

C:\justineganteng\pemograman_new\projek\nextjs\client next\grocery\Finpro_Online-Grocery-Web-App_Frontend\src\components\category-management\CategoryCard.tsx
  17:5   error  'React' must be in scope when using JSX  react/react-in-jsx-scope
  18:7   error  'React' must be in scope when using JSX  react/react-in-jsx-scope
  19:9   error  'React' must be in scope when using JSX  react/react-in-jsx-scope
  20:9   error  'React' must be in scope when using JSX  react/react-in-jsx-scope
  21:11  error  'React' must be in scope when using JSX  react/react-in-jsx-scope
  25:13  error  'React' must be in scope when using JSX  react/react-in-jsx-scope
  27:11  error  'React' must be in scope when using JSX  react/react-in-jsx-scope
  31:13  error  'React' must be in scope when using JSX  react/react-in-jsx-scope
  35:7   error  'React' must be in scope when using JSX  react/react-in-jsx-scope
  38:7   error  'React' must be in scope when using JSX  react/react-in-jsx-scope

C:\justineganteng\pemograman_new\projek\nextjs\client next\grocery\Finpro_Online-Grocery-Web-App_Frontend\src\components\category-management\CategoryModal.tsx
  24:5   error  'React' must be in scope when using JSX  react/react-in-jsx-scope
  25:7   error  'React' must be in scope when using JSX  react/react-in-jsx-scope
  26:9   error  'React' must be in scope when using JSX  react/react-in-jsx-scope
  27:11  error  'React' must be in scope when using JSX  react/react-in-jsx-scope
  28:11  error  'React' must be in scope when using JSX  react/react-in-jsx-scope
  36:9   error  'React' must be in scope when using JSX  react/react-in-jsx-scope
  37:11  error  'React' must be in scope when using JSX  react/react-in-jsx-scope
  38:13  error  'React' must be in scope when using JSX  react/react-in-jsx-scope
  41:13  error  'React' must be in scope when using JSX  react/react-in-jsx-scope
  51:11  error  'React' must be in scope when using JSX  react/react-in-jsx-scope
  52:13  error  'React' must be in scope when using JSX  react/react-in-jsx-scope
  55:13  error  'React' must be in scope when using JSX  react/react-in-jsx-scope
  64:11  error  'React' must be in scope when using JSX  react/react-in-jsx-scope
  65:13  error  'React' must be in scope when using JSX  react/react-in-jsx-scope
  72:13  error  'React' must be in scope when using JSX  react/react-in-jsx-scope

C:\justineganteng\pemograman_new\projek\nextjs\client next\grocery\Finpro_Online-Grocery-Web-App_Frontend\src\components\chart-table\Chart.tsx
  45:5  error  'React' must be in scope when using JSX  react/react-in-jsx-scope
  46:7  error  'React' must be in scope when using JSX  react/react-in-jsx-scope
  47:9  error  'React' must be in scope when using JSX  react/react-in-jsx-scope
  48:9  error  'React' must be in scope when using JSX  react/react-in-jsx-scope
  49:9  error  'React' must be in scope when using JSX  react/react-in-jsx-scope
  50:9  error  'React' must be in scope when using JSX  react/react-in-jsx-scope
  51:9  error  'React' must be in scope when using JSX  react/react-in-jsx-scope
  52:9  error  'React' must be in scope when using JSX  react/react-in-jsx-scope
  68:5  error  'React' must be in scope when using JSX  react/react-in-jsx-scope
  69:7  error  'React' must be in scope when using JSX  react/react-in-jsx-scope
  70:9  error  'React' must be in scope when using JSX  react/react-in-jsx-scope
  71:9  error  'React' must be in scope when using JSX  react/react-in-jsx-scope
  72:9  error  'React' must be in scope when using JSX  react/react-in-jsx-scope
  73:9  error  'React' must be in scope when using JSX  react/react-in-jsx-scope
  74:9  error  'React' must be in scope when using JSX  react/react-in-jsx-scope
  75:9  error  'React' must be in scope when using JSX  react/react-in-jsx-scope

C:\justineganteng\pemograman_new\projek\nextjs\client next\grocery\Finpro_Online-Grocery-Web-App_Frontend\src\components\headerSuperAdmin.tsx
  3:29  error  'Menu' is defined but never used                           @typescript-eslint/no-unused-vars
  6:29  error  'setIsSidebarOpen' is defined but never used               @typescript-eslint/no-unused-vars
  6:29  error  'setIsSidebarOpen' is missing in props validation          react/prop-types
  6:47  error  'setIsProfileDropdownOpen' is missing in props validation  react/prop-types
  6:73  error  'isProfileDropdownOpen' is missing in props validation     react/prop-types

C:\justineganteng\pemograman_new\projek\nextjs\client next\grocery\Finpro_Online-Grocery-Web-App_Frontend\src\components\high-ordered-component\superAdminGuard.tsx
  49:7   error  'React' must be in scope when using JSX  react/react-in-jsx-scope
  50:9   error  'React' must be in scope when using JSX  react/react-in-jsx-scope
  51:11  error  'React' must be in scope when using JSX  react/react-in-jsx-scope
  52:11  error  'React' must be in scope when using JSX  react/react-in-jsx-scope
  62:10  error  'React' must be in scope when using JSX  react/react-in-jsx-scope

C:\justineganteng\pemograman_new\projek\nextjs\client next\grocery\Finpro_Online-Grocery-Web-App_Frontend\src\components\hooks\useAddressCustomer.ts
  3:10  error  'Product' is defined but never used          @typescript-eslint/no-unused-vars
  3:19  error  'ProductFormData' is defined but never used  @typescript-eslint/no-unused-vars

C:\justineganteng\pemograman_new\projek\nextjs\client next\grocery\Finpro_Online-Grocery-Web-App_Frontend\src\components\inventory-management\CreateInventoryModal.tsx
  36:5   error  'React' must be in scope when using JSX  react/react-in-jsx-scope
  37:7   error  'React' must be in scope when using JSX  react/react-in-jsx-scope
  38:9   error  'React' must be in scope when using JSX  react/react-in-jsx-scope
  39:11  error  'React' must be in scope when using JSX  react/react-in-jsx-scope
  42:11  error  'React' must be in scope when using JSX  react/react-in-jsx-scope
  52:9   error  'React' must be in scope when using JSX  react/react-in-jsx-scope
  53:11  error  'React' must be in scope when using JSX  react/react-in-jsx-scope
  56:11  error  'React' must be in scope when using JSX  react/react-in-jsx-scope
  66:9   error  'React' must be in scope when using JSX  react/react-in-jsx-scope
  67:11  error  'React' must be in scope when using JSX  react/react-in-jsx-scope
  70:11  error  'React' must be in scope when using JSX  react/react-in-jsx-scope
  80:9   error  'React' must be in scope when using JSX  react/react-in-jsx-scope
  81:11  error  'React' must be in scope when using JSX  react/react-in-jsx-scope
  88:11  error  'React' must be in scope when using JSX  react/react-in-jsx-scope

C:\justineganteng\pemograman_new\projek\nextjs\client next\grocery\Finpro_Online-Grocery-Web-App_Frontend\src\components\inventory-management\InventoryTable.tsx
   4:10  error  'useState' is defined but never used     @typescript-eslint/no-unused-vars
  15:5   error  'React' must be in scope when using JSX  react/react-in-jsx-scope
  16:7   error  'React' must be in scope when using JSX  react/react-in-jsx-scope
  17:9   error  'React' must be in scope when using JSX  react/react-in-jsx-scope
  18:11  error  'React' must be in scope when using JSX  react/react-in-jsx-scope
  19:13  error  'React' must be in scope when using JSX  react/react-in-jsx-scope
  22:13  error  'React' must be in scope when using JSX  react/react-in-jsx-scope
  25:13  error  'React' must be in scope when using JSX  react/react-in-jsx-scope
  28:13  error  'React' must be in scope when using JSX  react/react-in-jsx-scope
  31:13  error  'React' must be in scope when using JSX  react/react-in-jsx-scope
  34:13  error  'React' must be in scope when using JSX  react/react-in-jsx-scope
  39:9   error  'React' must be in scope when using JSX  react/react-in-jsx-scope
  41:13  error  'React' must be in scope when using JSX  react/react-in-jsx-scope
  42:15  error  'React' must be in scope when using JSX  react/react-in-jsx-scope
  43:15  error  'React' must be in scope when using JSX  react/react-in-jsx-scope
  44:15  error  'React' must be in scope when using JSX  react/react-in-jsx-scope
  45:15  error  'React' must be in scope when using JSX  react/react-in-jsx-scope
  46:15  error  'React' must be in scope when using JSX  react/react-in-jsx-scope
  47:15  error  'React' must be in scope when using JSX  react/react-in-jsx-scope
  48:17  error  'React' must be in scope when using JSX  react/react-in-jsx-scope
  49:19  error  'React' must be in scope when using JSX  react/react-in-jsx-scope
  53:21  error  'React' must be in scope when using JSX  react/react-in-jsx-scope
  55:19  error  'React' must be in scope when using JSX  react/react-in-jsx-scope
  59:21  error  'React' must be in scope when using JSX  react/react-in-jsx-scope

C:\justineganteng\pemograman_new\projek\nextjs\client next\grocery\Finpro_Online-Grocery-Web-App_Frontend\src\components\inventory-management\ModalInventory.tsx
  35:5   error  'React' must be in scope when using JSX  react/react-in-jsx-scope
  37:7   error  'React' must be in scope when using JSX  react/react-in-jsx-scope
  43:7   error  'React' must be in scope when using JSX  react/react-in-jsx-scope
  45:9   error  'React' must be in scope when using JSX  react/react-in-jsx-scope
  46:11  error  'React' must be in scope when using JSX  react/react-in-jsx-scope
  47:11  error  'React' must be in scope when using JSX  react/react-in-jsx-scope
  51:13  error  'React' must be in scope when using JSX  react/react-in-jsx-scope

C:\justineganteng\pemograman_new\projek\nextjs\client next\grocery\Finpro_Online-Grocery-Web-App_Frontend\src\components\inventory-management\UpdateInventoryModal.tsx
  49:5   error  'React' must be in scope when using JSX  react/react-in-jsx-scope
  50:7   error  'React' must be in scope when using JSX  react/react-in-jsx-scope
  51:9   error  'React' must be in scope when using JSX  react/react-in-jsx-scope
  52:11  error  'React' must be in scope when using JSX  react/react-in-jsx-scope
  55:11  error  'React' must be in scope when using JSX  react/react-in-jsx-scope
  60:13  error  'React' must be in scope when using JSX  react/react-in-jsx-scope
  61:13  error  'React' must be in scope when using JSX  react/react-in-jsx-scope
  64:9   error  'React' must be in scope when using JSX  react/react-in-jsx-scope
  65:11  error  'React' must be in scope when using JSX  react/react-in-jsx-scope
  68:11  error  'React' must be in scope when using JSX  react/react-in-jsx-scope
  77:9   error  'React' must be in scope when using JSX  react/react-in-jsx-scope
  78:11  error  'React' must be in scope when using JSX  react/react-in-jsx-scope
  85:11  error  'React' must be in scope when using JSX  react/react-in-jsx-scope

C:\justineganteng\pemograman_new\projek\nextjs\client next\grocery\Finpro_Online-Grocery-Web-App_Frontend\src\components\login\VerifyAndSetPass.tsx
  6:10  error  'loginSchema' is defined but never used  @typescript-eslint/no-unused-vars

C:\justineganteng\pemograman_new\projek\nextjs\client next\grocery\Finpro_Online-Grocery-Web-App_Frontend\src\components\login\VerifyResetPass.tsx
  6:10  error  'loginSchema' is defined but never used    @typescript-eslint/no-unused-vars
  8:10  error  'verifySetPass' is defined but never used  @typescript-eslint/no-unused-vars

C:\justineganteng\pemograman_new\projek\nextjs\client next\grocery\Finpro_Online-Grocery-Web-App_Frontend\src\components\navbar.tsx
   6:32  error  'X' is defined but never used                      @typescript-eslint/no-unused-vars
  11:10  error  'isSearchOpen' is assigned a value but never used  @typescript-eslint/no-unused-vars
  12:10  error  'isCartOpen' is assigned a value but never used    @typescript-eslint/no-unused-vars

C:\justineganteng\pemograman_new\projek\nextjs\client next\grocery\Finpro_Online-Grocery-Web-App_Frontend\src\components\navbarWrapper.tsx
  42:53  error  'React' must be in scope when using JSX  react/react-in-jsx-scope

C:\justineganteng\pemograman_new\projek\nextjs\client next\grocery\Finpro_Online-Grocery-Web-App_Frontend\src\components\product-management\Modal.tsx
  35:5   error  'React' must be in scope when using JSX  react/react-in-jsx-scope
  36:7   error  'React' must be in scope when using JSX  react/react-in-jsx-scope
  40:7   error  'React' must be in scope when using JSX  react/react-in-jsx-scope
  41:9   error  'React' must be in scope when using JSX  react/react-in-jsx-scope
  42:11  error  'React' must be in scope when using JSX  react/react-in-jsx-scope
  43:11  error  'React' must be in scope when using JSX  react/react-in-jsx-scope
  47:13  error  'React' must be in scope when using JSX  react/react-in-jsx-scope

C:\justineganteng\pemograman_new\projek\nextjs\client next\grocery\Finpro_Online-Grocery-Web-App_Frontend\src\components\product-management\ProductForm.tsx
   77:7   error  'React' must be in scope when using JSX  react/react-in-jsx-scope
   78:9   error  'React' must be in scope when using JSX  react/react-in-jsx-scope
   84:5   error  'React' must be in scope when using JSX  react/react-in-jsx-scope
   86:7   error  'React' must be in scope when using JSX  react/react-in-jsx-scope
   87:9   error  'React' must be in scope when using JSX  react/react-in-jsx-scope
   90:9   error  'React' must be in scope when using JSX  react/react-in-jsx-scope
  101:7   error  'React' must be in scope when using JSX  react/react-in-jsx-scope
  102:9   error  'React' must be in scope when using JSX  react/react-in-jsx-scope
  105:9   error  'React' must be in scope when using JSX  react/react-in-jsx-scope
  115:7   error  'React' must be in scope when using JSX  react/react-in-jsx-scope
  116:9   error  'React' must be in scope when using JSX  react/react-in-jsx-scope
  119:9   error  'React' must be in scope when using JSX  react/react-in-jsx-scope
  130:7   error  'React' must be in scope when using JSX  react/react-in-jsx-scope
  131:9   error  'React' must be in scope when using JSX  react/react-in-jsx-scope
  134:9   error  'React' must be in scope when using JSX  react/react-in-jsx-scope
  140:11  error  'React' must be in scope when using JSX  react/react-in-jsx-scope
  142:13  error  'React' must be in scope when using JSX  react/react-in-jsx-scope
  150:7   error  'React' must be in scope when using JSX  react/react-in-jsx-scope
  151:9   error  'React' must be in scope when using JSX  react/react-in-jsx-scope
  154:9   error  'React' must be in scope when using JSX  react/react-in-jsx-scope
  160:11  error  'React' must be in scope when using JSX  react/react-in-jsx-scope
  162:13  error  'React' must be in scope when using JSX  react/react-in-jsx-scope
  171:9   error  'React' must be in scope when using JSX  react/react-in-jsx-scope
  172:11  error  'React' must be in scope when using JSX  react/react-in-jsx-scope
  175:11  error  'React' must be in scope when using JSX  react/react-in-jsx-scope
  187:7   error  'React' must be in scope when using JSX  react/react-in-jsx-scope

C:\justineganteng\pemograman_new\projek\nextjs\client next\grocery\Finpro_Online-Grocery-Web-App_Frontend\src\components\product-page-customer\ProductCard.tsx
  11:5   error  'React' must be in scope when using JSX  react/react-in-jsx-scope
  12:7   error  'React' must be in scope when using JSX  react/react-in-jsx-scope
  13:9   error  'React' must be in scope when using JSX  react/react-in-jsx-scope
  20:7   error  'React' must be in scope when using JSX  react/react-in-jsx-scope
  21:9   error  'React' must be in scope when using JSX  react/react-in-jsx-scope
  22:9   error  'React' must be in scope when using JSX  react/react-in-jsx-scope
  23:9   error  'React' must be in scope when using JSX  react/react-in-jsx-scope
  24:11  error  'React' must be in scope when using JSX  react/react-in-jsx-scope
  25:11  error  'React' must be in scope when using JSX  react/react-in-jsx-scope
  26:13  error  'React' must be in scope when using JSX  react/react-in-jsx-scope
  27:13  error  'React' must be in scope when using JSX  react/react-in-jsx-scope

C:\justineganteng\pemograman_new\projek\nextjs\client next\grocery\Finpro_Online-Grocery-Web-App_Frontend\src\components\product-page-customer\ProductList.tsx
  27:23  error  'React' must be in scope when using JSX  react/react-in-jsx-scope
  30:5   error  'React' must be in scope when using JSX  react/react-in-jsx-scope
  31:7   error  'React' must be in scope when using JSX  react/react-in-jsx-scope
  32:9   error  'React' must be in scope when using JSX  react/react-in-jsx-scope
  34:7   error  'React' must be in scope when using JSX  react/react-in-jsx-scope
  36:11  error  'React' must be in scope when using JSX  react/react-in-jsx-scope

C:\justineganteng\pemograman_new\projek\nextjs\client next\grocery\Finpro_Online-Grocery-Web-App_Frontend\src\components\profile\FormAddressAdd.tsx
    2:13  error  'Yup' is defined but never used                 @typescript-eslint/no-unused-vars
   62:58  error  'setFieldValue' is missing in props validation  react/prop-types
   74:21  error  'React' must be in scope when using JSX         react/react-in-jsx-scope
   77:58  error  'onsubmit' is missing in props validation       react/prop-types
   78:3   error  'React' must be in scope when using JSX         react/react-in-jsx-scope
   87:3   error  'React' must be in scope when using JSX         react/react-in-jsx-scope
   89:7   error  'React' must be in scope when using JSX         react/react-in-jsx-scope
   90:9   error  'React' must be in scope when using JSX         react/react-in-jsx-scope
   93:9   error  'React' must be in scope when using JSX         react/react-in-jsx-scope
   99:9   error  'React' must be in scope when using JSX         react/react-in-jsx-scope
  108:5   error  'React' must be in scope when using JSX         react/react-in-jsx-scope
  109:7   error  'React' must be in scope when using JSX         react/react-in-jsx-scope
  110:7   error  'React' must be in scope when using JSX         react/react-in-jsx-scope
  118:9   error  'React' must be in scope when using JSX         react/react-in-jsx-scope
  123:11  error  'React' must be in scope when using JSX         react/react-in-jsx-scope
  124:13  error  'React' must be in scope when using JSX         react/react-in-jsx-scope
  125:15  error  'React' must be in scope when using JSX         react/react-in-jsx-scope
  129:9   error  'React' must be in scope when using JSX         react/react-in-jsx-scope
  133:5   error  'React' must be in scope when using JSX         react/react-in-jsx-scope

C:\justineganteng\pemograman_new\projek\nextjs\client next\grocery\Finpro_Online-Grocery-Web-App_Frontend\src\components\profile\FormAddressEdit.tsx
   44:27   error  'setFieldValue' is missing in props validation          react/prop-types
   44:42   error  'setMarkerPosition' is missing in props validation      react/prop-types
   44:61   error  'markerPosition' is missing in props validation         react/prop-types
   54:27   error  'React' must be in scope when using JSX                 react/react-in-jsx-scope
   58:28   error  'formData' is missing in props validation               react/prop-types
   58:38   error  'onSubmit' is missing in props validation               react/prop-types
   58:48   error  'setPrimaryAddress' is missing in props validation      react/prop-types
   60:66   error  'formData.latitude' is missing in props validation      react/prop-types
   60:106  error  'formData.longitude' is missing in props validation     react/prop-types
   79:29   error  'formData.address_id' is missing in props validation    react/prop-types
   81:32   error  'formData.address_name' is missing in props validation  react/prop-types
   82:27   error  'formData.address' is missing in props validation       react/prop-types
   83:31   error  'formData.subdistrict' is missing in props validation   react/prop-types
   84:24   error  'formData.city' is missing in props validation          react/prop-types
   85:27   error  'formData.city_id' is missing in props validation       react/prop-types
   86:28   error  'formData.province' is missing in props validation      react/prop-types
   87:31   error  'formData.province_id' is missing in props validation   react/prop-types
   88:28   error  'formData.postcode' is missing in props validation      react/prop-types
   89:28   error  'formData.latitude' is missing in props validation      react/prop-types
   90:29   error  'formData.longitude' is missing in props validation     react/prop-types
   92:35   error  'formData.latitude' is missing in props validation      react/prop-types
   92:75   error  'formData.longitude' is missing in props validation     react/prop-types
   97:5    error  'React' must be in scope when using JSX                 react/react-in-jsx-scope
  108:9    error  'React' must be in scope when using JSX                 react/react-in-jsx-scope
  110:13   error  'React' must be in scope when using JSX                 react/react-in-jsx-scope
  111:15   error  'React' must be in scope when using JSX                 react/react-in-jsx-scope
  114:15   error  'React' must be in scope when using JSX                 react/react-in-jsx-scope
  120:15   error  'React' must be in scope when using JSX                 react/react-in-jsx-scope
  125:11   error  'React' must be in scope when using JSX                 react/react-in-jsx-scope
  126:13   error  'React' must be in scope when using JSX                 react/react-in-jsx-scope
  127:13   error  'React' must be in scope when using JSX                 react/react-in-jsx-scope
  132:15   error  'React' must be in scope when using JSX                 react/react-in-jsx-scope
  136:15   error  'React' must be in scope when using JSX                 react/react-in-jsx-scope
  137:17   error  'React' must be in scope when using JSX                 react/react-in-jsx-scope
  138:19   error  'React' must be in scope when using JSX                 react/react-in-jsx-scope
  141:15   error  'React' must be in scope when using JSX                 react/react-in-jsx-scope
  145:11   error  'React' must be in scope when using JSX                 react/react-in-jsx-scope
  146:13   error  'React' must be in scope when using JSX                 react/react-in-jsx-scope
  154:13   error  'React' must be in scope when using JSX                 react/react-in-jsx-scope

C:\justineganteng\pemograman_new\projek\nextjs\client next\grocery\Finpro_Online-Grocery-Web-App_Frontend\src\components\profile\FormSetPassword.tsx
   4:13  error  'Yup' is defined but never used            @typescript-eslint/no-unused-vars
  16:60  error  'onsubmit' is missing in props validation  react/prop-types
  17:3   error  'React' must be in scope when using JSX    react/react-in-jsx-scope
  25:23  error  'setFieldValue' is defined but never used  @typescript-eslint/no-unused-vars
  25:38  error  'values' is defined but never used         @typescript-eslint/no-unused-vars
  26:3   error  'React' must be in scope when using JSX    react/react-in-jsx-scope
  28:7   error  'React' must be in scope when using JSX    react/react-in-jsx-scope
  29:9   error  'React' must be in scope when using JSX    react/react-in-jsx-scope
  32:9   error  'React' must be in scope when using JSX    react/react-in-jsx-scope
  39:9   error  'React' must be in scope when using JSX    react/react-in-jsx-scope
  47:5   error  'React' must be in scope when using JSX    react/react-in-jsx-scope

C:\justineganteng\pemograman_new\projek\nextjs\client next\grocery\Finpro_Online-Grocery-Web-App_Frontend\src\components\profile\Section1.tsx
  14:5  error  'getDataUser' is assigned a value but never used  @typescript-eslint/no-unused-vars

C:\justineganteng\pemograman_new\projek\nextjs\client next\grocery\Finpro_Online-Grocery-Web-App_Frontend\src\components\profile\Section2.tsx
  8:13  error  'load' is assigned a value but never used            @typescript-eslint/no-unused-vars
  8:32  error  'setAddressData' is assigned a value but never used  @typescript-eslint/no-unused-vars

C:\justineganteng\pemograman_new\projek\nextjs\client next\grocery\Finpro_Online-Grocery-Web-App_Frontend\src\components\profile\Section3.tsx
  1:17  error  'useEffect' is defined but never used      @typescript-eslint/no-unused-vars
  5:10  error  'Orders' is defined but never used         @typescript-eslint/no-unused-vars
  8:13  error  'load' is assigned a value but never used  @typescript-eslint/no-unused-vars

C:\justineganteng\pemograman_new\projek\nextjs\client next\grocery\Finpro_Online-Grocery-Web-App_Frontend\src\components\register\RegisterCustomer.tsx
  5:21  error  'Eye' is defined but never used     @typescript-eslint/no-unused-vars
  5:26  error  'EyeOff' is defined but never used  @typescript-eslint/no-unused-vars

C:\justineganteng\pemograman_new\projek\nextjs\client next\grocery\Finpro_Online-Grocery-Web-App_Frontend\src\components\register\RegisterStoreAdmin.tsx
  5:21  error  'Eye' is defined but never used     @typescript-eslint/no-unused-vars
  5:26  error  'EyeOff' is defined but never used  @typescript-eslint/no-unused-vars

C:\justineganteng\pemograman_new\projek\nextjs\client next\grocery\Finpro_Online-Grocery-Web-App_Frontend\src\components\register\ResetPassword.tsx
  5:21  error  'Eye' is defined but never used     @typescript-eslint/no-unused-vars
  5:26  error  'EyeOff' is defined but never used  @typescript-eslint/no-unused-vars

C:\justineganteng\pemograman_new\projek\nextjs\client next\grocery\Finpro_Online-Grocery-Web-App_Frontend\src\components\sidebarStoreAdmin.tsx
   25:13  error  'React' must be in scope when using JSX  react/react-in-jsx-scope
   30:13  error  'React' must be in scope when using JSX  react/react-in-jsx-scope
   35:13  error  'React' must be in scope when using JSX  react/react-in-jsx-scope
   40:13  error  'React' must be in scope when using JSX  react/react-in-jsx-scope
   45:13  error  'React' must be in scope when using JSX  react/react-in-jsx-scope
   82:5   error  'React' must be in scope when using JSX  react/react-in-jsx-scope
   84:7   error  'React' must be in scope when using JSX  react/react-in-jsx-scope
   85:9   error  'React' must be in scope when using JSX  react/react-in-jsx-scope
   89:11  error  'React' must be in scope when using JSX  react/react-in-jsx-scope
   90:11  error  'React' must be in scope when using JSX  react/react-in-jsx-scope
   95:7   error  'React' must be in scope when using JSX  react/react-in-jsx-scope
   96:9   error  'React' must be in scope when using JSX  react/react-in-jsx-scope
   98:13  error  'React' must be in scope when using JSX  react/react-in-jsx-scope
   99:15  error  'React' must be in scope when using JSX  react/react-in-jsx-scope
  109:17  error  'React' must be in scope when using JSX  react/react-in-jsx-scope
  117:7   error  'React' must be in scope when using JSX  react/react-in-jsx-scope
  118:9   error  'React' must be in scope when using JSX  react/react-in-jsx-scope
  119:11  error  'React' must be in scope when using JSX  react/react-in-jsx-scope
  120:13  error  'React' must be in scope when using JSX  react/react-in-jsx-scope
  124:15  error  'React' must be in scope when using JSX  react/react-in-jsx-scope
  125:15  error  'React' must be in scope when using JSX  react/react-in-jsx-scope
  128:11  error  'React' must be in scope when using JSX  react/react-in-jsx-scope
  129:13  error  'React' must be in scope when using JSX  react/react-in-jsx-scope
  133:15  error  'React' must be in scope when using JSX  react/react-in-jsx-scope
  134:15  error  'React' must be in scope when using JSX  react/react-in-jsx-scope

C:\justineganteng\pemograman_new\projek\nextjs\client next\grocery\Finpro_Online-Grocery-Web-App_Frontend\src\components\sidebarSuperAdmin.tsx
   10:3   error  'X' is defined but never used              @typescript-eslint/no-unused-vars
   28:3   error  'isSidebarOpen' is defined but never used  @typescript-eslint/no-unused-vars
   43:13  error  'React' must be in scope when using JSX    react/react-in-jsx-scope
   48:13  error  'React' must be in scope when using JSX    react/react-in-jsx-scope
   53:13  error  'React' must be in scope when using JSX    react/react-in-jsx-scope
   58:13  error  'React' must be in scope when using JSX    react/react-in-jsx-scope
   63:13  error  'React' must be in scope when using JSX    react/react-in-jsx-scope
   68:13  error  'React' must be in scope when using JSX    react/react-in-jsx-scope
  106:5   error  'React' must be in scope when using JSX    react/react-in-jsx-scope
  108:7   error  'React' must be in scope when using JSX    react/react-in-jsx-scope
  109:9   error  'React' must be in scope when using JSX    react/react-in-jsx-scope
  112:7   error  'React' must be in scope when using JSX    react/react-in-jsx-scope
  116:9   error  'React' must be in scope when using JSX    react/react-in-jsx-scope
  118:11  error  'React' must be in scope when using JSX    react/react-in-jsx-scope
  119:13  error  'React' must be in scope when using JSX    react/react-in-jsx-scope
  120:15  error  'React' must be in scope when using JSX    react/react-in-jsx-scope
  123:15  error  'React' must be in scope when using JSX    react/react-in-jsx-scope
  125:13  error  'React' must be in scope when using JSX    react/react-in-jsx-scope
  130:15  error  'React' must be in scope when using JSX    react/react-in-jsx-scope
  135:11  error  'React' must be in scope when using JSX    react/react-in-jsx-scope
  137:15  error  'React' must be in scope when using JSX    react/react-in-jsx-scope
  150:17  error  'React' must be in scope when using JSX    react/react-in-jsx-scope
  157:17  error  'React' must be in scope when using JSX    react/react-in-jsx-scope
  159:19  error  'React' must be in scope when using JSX    react/react-in-jsx-scope
  166:11  error  'React' must be in scope when using JSX    react/react-in-jsx-scope
  167:13  error  'React' must be in scope when using JSX    react/react-in-jsx-scope
  171:15  error  'React' must be in scope when using JSX    react/react-in-jsx-scope
  172:15  error  'React' must be in scope when using JSX    react/react-in-jsx-scope

C:\justineganteng\pemograman_new\projek\nextjs\client next\grocery\Finpro_Online-Grocery-Web-App_Frontend\src\components\store-management\AddStoreModal.tsx
   2:10  error  'useStoreForm' is defined but never used  @typescript-eslint/no-unused-vars
  84:5   error  'React' must be in scope when using JSX   react/react-in-jsx-scope
  85:7   error  'React' must be in scope when using JSX   react/react-in-jsx-scope
  86:9   error  'React' must be in scope when using JSX   react/react-in-jsx-scope
  87:11  error  'React' must be in scope when using JSX   react/react-in-jsx-scope
  88:11  error  'React' must be in scope when using JSX   react/react-in-jsx-scope
  89:11  error  'React' must be in scope when using JSX   react/react-in-jsx-scope
  98:9   error  'React' must be in scope when using JSX   react/react-in-jsx-scope
  99:11  error  'React' must be in scope when using JSX   react/react-in-jsx-scope

C:\justineganteng\pemograman_new\projek\nextjs\client next\grocery\Finpro_Online-Grocery-Web-App_Frontend\src\components\store-management\EditStoreForm.tsx
   4:10  error  'Store' is defined but never used      @typescript-eslint/no-unused-vars
  57:3   error  'dataStore' is defined but never used  @typescript-eslint/no-unused-vars

C:\justineganteng\pemograman_new\projek\nextjs\client next\grocery\Finpro_Online-Grocery-Web-App_Frontend\src\components\store-management\EditStoreModal.tsx
   3:8   error  'AddStoreForm' is defined but never used  @typescript-eslint/no-unused-vars
  78:5   error  'React' must be in scope when using JSX   react/react-in-jsx-scope
  79:7   error  'React' must be in scope when using JSX   react/react-in-jsx-scope
  80:9   error  'React' must be in scope when using JSX   react/react-in-jsx-scope
  81:11  error  'React' must be in scope when using JSX   react/react-in-jsx-scope
  82:11  error  'React' must be in scope when using JSX   react/react-in-jsx-scope
  83:11  error  'React' must be in scope when using JSX   react/react-in-jsx-scope
  95:9   error  'React' must be in scope when using JSX   react/react-in-jsx-scope
  96:11  error  'React' must be in scope when using JSX   react/react-in-jsx-scope

C:\justineganteng\pemograman_new\projek\nextjs\client next\grocery\Finpro_Online-Grocery-Web-App_Frontend\src\components\store-management\StoreCard.tsx
   2:10  error  'Pencil' is defined but never used       @typescript-eslint/no-unused-vars
  20:5   error  'React' must be in scope when using JSX  react/react-in-jsx-scope
  21:7   error  'React' must be in scope when using JSX  react/react-in-jsx-scope
  22:9   error  'React' must be in scope when using JSX  react/react-in-jsx-scope
  23:11  error  'React' must be in scope when using JSX  react/react-in-jsx-scope
  26:11  error  'React' must be in scope when using JSX  react/react-in-jsx-scope
  28:9   error  'React' must be in scope when using JSX  react/react-in-jsx-scope
  30:9   error  'React' must be in scope when using JSX  react/react-in-jsx-scope
  35:11  error  'React' must be in scope when using JSX  react/react-in-jsx-scope

C:\justineganteng\pemograman_new\projek\nextjs\client next\grocery\Finpro_Online-Grocery-Web-App_Frontend\src\components\store-management\StoreList.tsx
  14:45  error  'setStores' is missing in props validation        react/prop-types
  14:56  error  'setLoading' is missing in props validation       react/prop-types
  31:9   error  'fetchStores' is assigned a value but never used  @typescript-eslint/no-unused-vars
  42:5   error  'React' must be in scope when using JSX           react/react-in-jsx-scope
  44:9   error  'React' must be in scope when using JSX           react/react-in-jsx-scope
  48:13  error  'React' must be in scope when using JSX           react/react-in-jsx-scope
  49:13  error  'React' must be in scope when using JSX           react/react-in-jsx-scope
  67:15  error  'React' must be in scope when using JSX           react/react-in-jsx-scope
  75:7   error  'React' must be in scope when using JSX           react/react-in-jsx-scope

C:\justineganteng\pemograman_new\projek\nextjs\client next\grocery\Finpro_Online-Grocery-Web-App_Frontend\src\services\auth.service.ts
  215:41  error  'token' is defined but never used  @typescript-eslint/no-unused-vars

C:\justineganteng\pemograman_new\projek\nextjs\client next\grocery\Finpro_Online-Grocery-Web-App_Frontend\src\services\profile\services1.tsx
    2:8   error  'React' is defined but never used          @typescript-eslint/no-unused-vars
  130:13  error  'data' is assigned a value but never used  @typescript-eslint/no-unused-vars

C:\justineganteng\pemograman_new\projek\nextjs\client next\grocery\Finpro_Online-Grocery-Web-App_Frontend\src\services\profile\services2.tsx
  4:8  error  'React' is defined but never used                 @typescript-eslint/no-unused-vars
  6:7  error  'base_url_be' is assigned a value but never used  @typescript-eslint/no-unused-vars

C:\justineganteng\pemograman_new\projek\nextjs\client next\grocery\Finpro_Online-Grocery-Web-App_Frontend\src\services\profile\services3.tsx
  4:8  error  'React' is defined but never used                 @typescript-eslint/no-unused-vars
  6:7  error  'base_url_be' is assigned a value but never used  @typescript-eslint/no-unused-vars

C:\justineganteng\pemograman_new\projek\nextjs\client next\grocery\Finpro_Online-Grocery-Web-App_Frontend\src\services\useInventoryAdmin.ts
    1:34  error  'GetInventoryParams' is defined but never used  @typescript-eslint/no-unused-vars
    8:5   error  Unnecessary try/catch wrapper                   no-useless-catch
   29:5   error  Unnecessary try/catch wrapper                   no-useless-catch
   49:5   error  Unnecessary try/catch wrapper                   no-useless-catch
   91:5   error  Unnecessary try/catch wrapper                   no-useless-catch
  112:5   error  Unnecessary try/catch wrapper                   no-useless-catch

 685 problems (685 errors, 0 warnings)

